current directory: /home/paliv/Documentos/avivas/path/ruby/3.3.0/gems/json-2.8.2/ext/json/ext/parser
/home/paliv/.rbenv/versions/3.3.5/bin/ruby extconf.rb
checking for rb_enc_interned_str() in ruby.h... yes
checking for rb_hash_new_capa() in ruby.h... yes
checking for rb_gc_mark_locations() in ruby.h... yes
checking for rb_hash_bulk_insert() in ruby.h... yes
checking for rb_category_warn() in ruby.h... yes
checking for whether -std=c99 is accepted as CFLAGS... yes
creating Makefile

current directory: /home/paliv/Documentos/avivas/path/ruby/3.3.0/gems/json-2.8.2/ext/json/ext/parser
make DESTDIR\= sitearchdir\=./.gem.20241130-15062-u7779o sitelibdir\=./.gem.20241130-15062-u7779o clean

current directory: /home/paliv/Documentos/avivas/path/ruby/3.3.0/gems/json-2.8.2/ext/json/ext/parser
make DESTDIR\= sitearchdir\=./.gem.20241130-15062-u7779o sitelibdir\=./.gem.20241130-15062-u7779o
compiling parser.c
linking shared-object json/ext/parser.so

current directory: /home/paliv/Documentos/avivas/path/ruby/3.3.0/gems/json-2.8.2/ext/json/ext/parser
make DESTDIR\= sitearchdir\=./.gem.20241130-15062-u7779o sitelibdir\=./.gem.20241130-15062-u7779o install
/usr/bin/install -c -m 0755 parser.so ./.gem.20241130-15062-u7779o/json/ext

current directory: /home/paliv/Documentos/avivas/path/ruby/3.3.0/gems/json-2.8.2/ext/json/ext/parser
make DESTDIR\= sitearchdir\=./.gem.20241130-15062-u7779o sitelibdir\=./.gem.20241130-15062-u7779o clean
