current directory: /home/paliv/Documentos/avivas/path/ruby/3.3.0/gems/rbs-3.7.0/ext/rbs_extension
/home/paliv/.rbenv/versions/3.3.5/bin/ruby extconf.rb
checking for whether -std=gnu99 is accepted as CFLAGS... yes
creating Makefile

current directory: /home/paliv/Documentos/avivas/path/ruby/3.3.0/gems/rbs-3.7.0/ext/rbs_extension
make DESTDIR\= sitearchdir\=./.gem.20241208-38841-ekt7dt sitelibdir\=./.gem.20241208-38841-ekt7dt clean

current directory: /home/paliv/Documentos/avivas/path/ruby/3.3.0/gems/rbs-3.7.0/ext/rbs_extension
make DESTDIR\= sitearchdir\=./.gem.20241208-38841-ekt7dt sitelibdir\=./.gem.20241208-38841-ekt7dt
compiling ./../../src/constants.c
compiling ./../../src/ruby_objs.c
compiling lexer.c
compiling lexstate.c
compiling location.c
compiling main.c
compiling parser.c
compiling parserstate.c
compiling unescape.c
linking shared-object rbs_extension.so

current directory: /home/paliv/Documentos/avivas/path/ruby/3.3.0/gems/rbs-3.7.0/ext/rbs_extension
make DESTDIR\= sitearchdir\=./.gem.20241208-38841-ekt7dt sitelibdir\=./.gem.20241208-38841-ekt7dt install
/usr/bin/install -c -m 0755 rbs_extension.so ./.gem.20241208-38841-ekt7dt

current directory: /home/paliv/Documentos/avivas/path/ruby/3.3.0/gems/rbs-3.7.0/ext/rbs_extension
make DESTDIR\= sitearchdir\=./.gem.20241208-38841-ekt7dt sitelibdir\=./.gem.20241208-38841-ekt7dt clean
