current directory: /home/paliv/Documentos/avivas/path/ruby/3.3.0/gems/websocket-driver-0.7.6/ext/websocket-driver
/home/paliv/.rbenv/versions/3.3.5/bin/ruby extconf.rb
creating Makefile

current directory: /home/paliv/Documentos/avivas/path/ruby/3.3.0/gems/websocket-driver-0.7.6/ext/websocket-driver
make DESTDIR\= sitearchdir\=./.gem.20241130-15062-dll6eo sitelibdir\=./.gem.20241130-15062-dll6eo clean

current directory: /home/paliv/Documentos/avivas/path/ruby/3.3.0/gems/websocket-driver-0.7.6/ext/websocket-driver
make DESTDIR\= sitearchdir\=./.gem.20241130-15062-dll6eo sitelibdir\=./.gem.20241130-15062-dll6eo
compiling websocket_mask.c
websocket_mask.c: In function ‘Init_websocket_mask’:
websocket_mask.c:26:6: warning: old-style function definition [-Wold-style-definition]
   26 | void Init_websocket_mask()
      |      ^~~~~~~~~~~~~~~~~~~
websocket_mask.c: At top level:
cc1: note: unrecognized command-line option ‘-Wno-self-assign’ may have been intended to silence earlier diagnostics
cc1: note: unrecognized command-line option ‘-Wno-parentheses-equality’ may have been intended to silence earlier diagnostics
cc1: note: unrecognized command-line option ‘-Wno-constant-logical-operand’ may have been intended to silence earlier diagnostics
linking shared-object websocket_mask.so

current directory: /home/paliv/Documentos/avivas/path/ruby/3.3.0/gems/websocket-driver-0.7.6/ext/websocket-driver
make DESTDIR\= sitearchdir\=./.gem.20241130-15062-dll6eo sitelibdir\=./.gem.20241130-15062-dll6eo install
/usr/bin/install -c -m 0755 websocket_mask.so ./.gem.20241130-15062-dll6eo

current directory: /home/paliv/Documentos/avivas/path/ruby/3.3.0/gems/websocket-driver-0.7.6/ext/websocket-driver
make DESTDIR\= sitearchdir\=./.gem.20241130-15062-dll6eo sitelibdir\=./.gem.20241130-15062-dll6eo clean
